{"C:\\Users\\user\\Desktop\\miniprojectjs-unitTest\\src\\main.js": {"path":"C:\\Users\\user\\Desktop\\miniprojectjs-unitTest\\src\\main.js","all":true,"statementMap":{"0":{"start":{"line":1,"column":0},"end":{"line":1,"column":49}},"1":{"start":{"line":2,"column":0},"end":{"line":2,"column":124}},"2":{"start":{"line":3,"column":0},"end":{"line":3,"column":0}},"3":{"start":{"line":4,"column":0},"end":{"line":4,"column":23}},"4":{"start":{"line":5,"column":0},"end":{"line":5,"column":0}},"5":{"start":{"line":6,"column":0},"end":{"line":6,"column":0}},"6":{"start":{"line":7,"column":0},"end":{"line":7,"column":74}},"7":{"start":{"line":8,"column":0},"end":{"line":8,"column":37}},"8":{"start":{"line":9,"column":0},"end":{"line":9,"column":0}},"9":{"start":{"line":10,"column":0},"end":{"line":10,"column":74}},"10":{"start":{"line":11,"column":0},"end":{"line":11,"column":37}},"11":{"start":{"line":12,"column":0},"end":{"line":12,"column":0}},"12":{"start":{"line":13,"column":0},"end":{"line":13,"column":0}},"13":{"start":{"line":14,"column":0},"end":{"line":14,"column":32}},"14":{"start":{"line":15,"column":0},"end":{"line":15,"column":0}},"15":{"start":{"line":16,"column":0},"end":{"line":16,"column":0}},"16":{"start":{"line":17,"column":0},"end":{"line":17,"column":43}},"17":{"start":{"line":18,"column":0},"end":{"line":18,"column":22}},"18":{"start":{"line":19,"column":0},"end":{"line":19,"column":0}},"19":{"start":{"line":20,"column":0},"end":{"line":20,"column":0}},"20":{"start":{"line":21,"column":0},"end":{"line":21,"column":54}},"21":{"start":{"line":22,"column":0},"end":{"line":22,"column":25}},"22":{"start":{"line":23,"column":0},"end":{"line":23,"column":0}},"23":{"start":{"line":24,"column":0},"end":{"line":24,"column":0}},"24":{"start":{"line":25,"column":0},"end":{"line":25,"column":55}},"25":{"start":{"line":26,"column":0},"end":{"line":26,"column":55}},"26":{"start":{"line":27,"column":0},"end":{"line":27,"column":25}}},"s":{"0":0,"1":0,"2":0,"3":0,"4":0,"5":0,"6":0,"7":0,"8":0,"9":0,"10":0,"11":0,"12":0,"13":0,"14":0,"15":0,"16":0,"17":0,"18":0,"19":0,"20":0,"21":0,"22":0,"23":0,"24":0,"25":0,"26":0},"branchMap":{"0":{"type":"branch","line":1,"loc":{"start":{"line":1,"column":781},"end":{"line":27,"column":25}},"locations":[{"start":{"line":1,"column":781},"end":{"line":27,"column":25}}]}},"b":{"0":[0]},"fnMap":{"0":{"name":"(empty-report)","decl":{"start":{"line":1,"column":781},"end":{"line":27,"column":25}},"loc":{"start":{"line":1,"column":781},"end":{"line":27,"column":25}},"line":1}},"f":{"0":0}}
,"C:\\Users\\user\\Desktop\\miniprojectjs-unitTest\\src\\product.js": {"path":"C:\\Users\\user\\Desktop\\miniprojectjs-unitTest\\src\\product.js","all":false,"statementMap":{"0":{"start":{"line":1,"column":0},"end":{"line":1,"column":15}},"1":{"start":{"line":2,"column":0},"end":{"line":2,"column":57}},"2":{"start":{"line":3,"column":0},"end":{"line":3,"column":66}},"3":{"start":{"line":4,"column":0},"end":{"line":4,"column":88}},"4":{"start":{"line":5,"column":0},"end":{"line":5,"column":9}},"5":{"start":{"line":6,"column":0},"end":{"line":6,"column":42}},"6":{"start":{"line":7,"column":0},"end":{"line":7,"column":75}},"7":{"start":{"line":8,"column":0},"end":{"line":8,"column":9}},"8":{"start":{"line":9,"column":0},"end":{"line":9,"column":8}},"9":{"start":{"line":10,"column":0},"end":{"line":10,"column":21}},"10":{"start":{"line":11,"column":0},"end":{"line":11,"column":25}},"11":{"start":{"line":12,"column":0},"end":{"line":12,"column":39}},"12":{"start":{"line":13,"column":0},"end":{"line":13,"column":27}},"13":{"start":{"line":14,"column":0},"end":{"line":14,"column":33}},"14":{"start":{"line":15,"column":0},"end":{"line":15,"column":5}},"15":{"start":{"line":16,"column":0},"end":{"line":16,"column":1}},"16":{"start":{"line":17,"column":0},"end":{"line":17,"column":0}},"17":{"start":{"line":18,"column":0},"end":{"line":18,"column":29}}},"s":{"0":1,"1":1,"2":18,"3":2,"4":2,"5":18,"6":0,"7":0,"8":16,"9":16,"10":16,"11":16,"12":16,"13":16,"14":18,"15":1,"16":1,"17":1},"branchMap":{"0":{"type":"branch","line":2,"loc":{"start":{"line":2,"column":4},"end":{"line":15,"column":5}},"locations":[{"start":{"line":2,"column":4},"end":{"line":15,"column":5}}]},"1":{"type":"branch","line":3,"loc":{"start":{"line":3,"column":16},"end":{"line":3,"column":24}},"locations":[{"start":{"line":3,"column":16},"end":{"line":3,"column":24}}]},"2":{"type":"branch","line":3,"loc":{"start":{"line":3,"column":25},"end":{"line":3,"column":40}},"locations":[{"start":{"line":3,"column":25},"end":{"line":3,"column":40}}]},"3":{"type":"branch","line":3,"loc":{"start":{"line":3,"column":41},"end":{"line":3,"column":50}},"locations":[{"start":{"line":3,"column":41},"end":{"line":3,"column":50}}]},"4":{"type":"branch","line":3,"loc":{"start":{"line":3,"column":51},"end":{"line":3,"column":63}},"locations":[{"start":{"line":3,"column":51},"end":{"line":3,"column":63}}]},"5":{"type":"branch","line":3,"loc":{"start":{"line":3,"column":65},"end":{"line":5,"column":9}},"locations":[{"start":{"line":3,"column":65},"end":{"line":5,"column":9}}]},"6":{"type":"branch","line":6,"loc":{"start":{"line":6,"column":-2},"end":{"line":6,"column":39}},"locations":[{"start":{"line":6,"column":-2},"end":{"line":6,"column":39}}]},"7":{"type":"branch","line":6,"loc":{"start":{"line":6,"column":41},"end":{"line":8,"column":9}},"locations":[{"start":{"line":6,"column":41},"end":{"line":8,"column":9}}]},"8":{"type":"branch","line":9,"loc":{"start":{"line":9,"column":-2},"end":{"line":15,"column":4}},"locations":[{"start":{"line":9,"column":-2},"end":{"line":15,"column":4}}]}},"b":{"0":[18],"1":[17],"2":[17],"3":[16],"4":[16],"5":[2],"6":[16],"7":[0],"8":[16]},"fnMap":{"0":{"name":"Product","decl":{"start":{"line":2,"column":4},"end":{"line":15,"column":5}},"loc":{"start":{"line":2,"column":4},"end":{"line":15,"column":5}},"line":2}},"f":{"0":18}}
,"C:\\Users\\user\\Desktop\\miniprojectjs-unitTest\\src\\productFunctions.js": {"path":"C:\\Users\\user\\Desktop\\miniprojectjs-unitTest\\src\\productFunctions.js","all":false,"statementMap":{"0":{"start":{"line":1,"column":0},"end":{"line":1,"column":43}},"1":{"start":{"line":2,"column":0},"end":{"line":2,"column":30}},"2":{"start":{"line":3,"column":0},"end":{"line":3,"column":1}},"3":{"start":{"line":4,"column":0},"end":{"line":4,"column":0}},"4":{"start":{"line":5,"column":0},"end":{"line":5,"column":48}},"5":{"start":{"line":6,"column":0},"end":{"line":6,"column":77}},"6":{"start":{"line":7,"column":0},"end":{"line":7,"column":23}},"7":{"start":{"line":8,"column":0},"end":{"line":8,"column":37}},"8":{"start":{"line":9,"column":0},"end":{"line":9,"column":12}},"9":{"start":{"line":10,"column":0},"end":{"line":10,"column":58}},"10":{"start":{"line":11,"column":0},"end":{"line":11,"column":5}},"11":{"start":{"line":12,"column":0},"end":{"line":12,"column":1}},"12":{"start":{"line":13,"column":0},"end":{"line":13,"column":0}},"13":{"start":{"line":14,"column":0},"end":{"line":14,"column":36}},"14":{"start":{"line":15,"column":0},"end":{"line":15,"column":23}},"15":{"start":{"line":16,"column":0},"end":{"line":16,"column":1}},"16":{"start":{"line":17,"column":0},"end":{"line":17,"column":0}},"17":{"start":{"line":18,"column":0},"end":{"line":18,"column":50}},"18":{"start":{"line":19,"column":0},"end":{"line":19,"column":65}},"19":{"start":{"line":20,"column":0},"end":{"line":20,"column":1}},"20":{"start":{"line":21,"column":0},"end":{"line":21,"column":0}},"21":{"start":{"line":22,"column":0},"end":{"line":22,"column":71}},"22":{"start":{"line":23,"column":0},"end":{"line":23,"column":82}},"23":{"start":{"line":24,"column":0},"end":{"line":24,"column":26}},"24":{"start":{"line":25,"column":0},"end":{"line":25,"column":55}},"25":{"start":{"line":26,"column":0},"end":{"line":26,"column":12}},"26":{"start":{"line":27,"column":0},"end":{"line":27,"column":58}},"27":{"start":{"line":28,"column":0},"end":{"line":28,"column":5}},"28":{"start":{"line":29,"column":0},"end":{"line":29,"column":1}},"29":{"start":{"line":30,"column":0},"end":{"line":30,"column":0}},"30":{"start":{"line":31,"column":0},"end":{"line":31,"column":100}}},"s":{"0":3,"1":3,"2":3,"3":1,"4":2,"5":2,"6":2,"7":2,"8":2,"9":0,"10":0,"11":2,"12":1,"13":2,"14":2,"15":2,"16":1,"17":4,"18":4,"19":4,"20":1,"21":2,"22":2,"23":2,"24":2,"25":2,"26":0,"27":0,"28":2,"29":1,"30":1},"branchMap":{"0":{"type":"branch","line":1,"loc":{"start":{"line":1,"column":0},"end":{"line":3,"column":1}},"locations":[{"start":{"line":1,"column":0},"end":{"line":3,"column":1}}]},"1":{"type":"branch","line":5,"loc":{"start":{"line":5,"column":0},"end":{"line":12,"column":1}},"locations":[{"start":{"line":5,"column":0},"end":{"line":12,"column":1}}]},"2":{"type":"branch","line":9,"loc":{"start":{"line":9,"column":5},"end":{"line":11,"column":5}},"locations":[{"start":{"line":9,"column":5},"end":{"line":11,"column":5}}]},"3":{"type":"branch","line":6,"loc":{"start":{"line":6,"column":40},"end":{"line":6,"column":75}},"locations":[{"start":{"line":6,"column":40},"end":{"line":6,"column":75}}]},"4":{"type":"branch","line":14,"loc":{"start":{"line":14,"column":0},"end":{"line":16,"column":1}},"locations":[{"start":{"line":14,"column":0},"end":{"line":16,"column":1}}]},"5":{"type":"branch","line":18,"loc":{"start":{"line":18,"column":0},"end":{"line":20,"column":1}},"locations":[{"start":{"line":18,"column":0},"end":{"line":20,"column":1}}]},"6":{"type":"branch","line":19,"loc":{"start":{"line":19,"column":28},"end":{"line":19,"column":63}},"locations":[{"start":{"line":19,"column":28},"end":{"line":19,"column":63}}]},"7":{"type":"branch","line":22,"loc":{"start":{"line":22,"column":0},"end":{"line":29,"column":1}},"locations":[{"start":{"line":22,"column":0},"end":{"line":29,"column":1}}]},"8":{"type":"branch","line":26,"loc":{"start":{"line":26,"column":5},"end":{"line":28,"column":5}},"locations":[{"start":{"line":26,"column":5},"end":{"line":28,"column":5}}]},"9":{"type":"branch","line":23,"loc":{"start":{"line":23,"column":45},"end":{"line":23,"column":80}},"locations":[{"start":{"line":23,"column":45},"end":{"line":23,"column":80}}]}},"b":{"0":[3],"1":[2],"2":[0],"3":[3],"4":[2],"5":[4],"6":[8],"7":[2],"8":[0],"9":[4]},"fnMap":{"0":{"name":"addProduct","decl":{"start":{"line":1,"column":0},"end":{"line":3,"column":1}},"loc":{"start":{"line":1,"column":0},"end":{"line":3,"column":1}},"line":1},"1":{"name":"removeProduct","decl":{"start":{"line":5,"column":0},"end":{"line":12,"column":1}},"loc":{"start":{"line":5,"column":0},"end":{"line":12,"column":1}},"line":5},"2":{"name":"showProducts","decl":{"start":{"line":14,"column":0},"end":{"line":16,"column":1}},"loc":{"start":{"line":14,"column":0},"end":{"line":16,"column":1}},"line":14},"3":{"name":"showProductById","decl":{"start":{"line":18,"column":0},"end":{"line":20,"column":1}},"loc":{"start":{"line":18,"column":0},"end":{"line":20,"column":1}},"line":18},"4":{"name":"updateProductDetails","decl":{"start":{"line":22,"column":0},"end":{"line":29,"column":1}},"loc":{"start":{"line":22,"column":0},"end":{"line":29,"column":1}},"line":22}},"f":{"0":3,"1":2,"2":2,"3":4,"4":2}}
}
